2023-02-24 02:02:815 INFO  AirBus :79 - I click on CareerHome[[ChromeDriver: chrome on WINDOWS (1aca7d53c6a32f7b3049d8e74136eb79)] -> xpath: //a[@id='btn1_1']]
2023-02-24 02:02:382 INFO  AirBus :84 - I click on cookies[[ChromeDriver: chrome on WINDOWS (1aca7d53c6a32f7b3049d8e74136eb79)] -> xpath: //button[@id="onetrust-accept-btn-handler"]]
2023-02-24 02:02:223 INFO  AirBus :95 - I enter Text[[ChromeDriver: chrome on WINDOWS (1aca7d53c6a32f7b3049d8e74136eb79)] -> xpath: //input[@class='css-15xm6qs']]
2023-02-24 02:02:429 INFO  AirBus :100 - I click on[[ChromeDriver: chrome on WINDOWS (1aca7d53c6a32f7b3049d8e74136eb79)] -> xpath: //button [@data-automation-id='dateType']]
2023-02-24 02:02:798 INFO  AirBus :108 - I select JOb Catagory[[ChromeDriver: chrome on WINDOWS (1aca7d53c6a32f7b3049d8e74136eb79)] -> xpath: //button [@data-automation-id='jobFamilyGroup']]
2023-02-24 02:02:288 INFO  AirBus :114 - I click On search Button[[ChromeDriver: chrome on WINDOWS (1aca7d53c6a32f7b3049d8e74136eb79)] -> xpath: //button[@class='css-1guf05z']]
2023-02-24 02:02:623 INFO  AirBus :119 - I click On search Button[[ChromeDriver: chrome on WINDOWS (1aca7d53c6a32f7b3049d8e74136eb79)] -> xpath: //a[contains(text(),'Software Test Engineer')]]
2023-02-24 02:02:242 INFO  AirBus :125 - I click On Apply[[ChromeDriver: chrome on WINDOWS (1aca7d53c6a32f7b3049d8e74136eb79)] -> xpath: //a[contains(text(),'Apply')]]
2023-02-24 10:02:565 INFO  AirBus :74 - I click on CareerHome[[ChromeDriver: chrome on WINDOWS (d2ac4a0c1fa6685afa4282b816af5d9f)] -> xpath: //a[@id='btn1_1']]
2023-02-24 10:02:191 INFO  AirBus :79 - I click on cookies[[ChromeDriver: chrome on WINDOWS (d2ac4a0c1fa6685afa4282b816af5d9f)] -> xpath: //button[@id="onetrust-accept-btn-handler"]]
2023-02-24 10:02:833 INFO  AirBus :95 - I click onProxy element for: DefaultElementLocator 'By.xpath: //button [@data-automation-id='dateType']'
2023-02-24 10:02:821 INFO  AirBus :74 - I click on CareerHome[[ChromeDriver: chrome on WINDOWS (5aeabfd753643ef3add93439849a287c)] -> xpath: //a[@id='btn1_1']]
2023-02-24 10:02:03 INFO  AirBus :79 - I click on cookies[[ChromeDriver: chrome on WINDOWS (5aeabfd753643ef3add93439849a287c)] -> xpath: //button[@id="onetrust-accept-btn-handler"]]
2023-02-24 10:02:442 INFO  AirBus :90 - I enter Text[[ChromeDriver: chrome on WINDOWS (5aeabfd753643ef3add93439849a287c)] -> xpath: //input[@class='css-15xm6qs']]
2023-02-24 10:02:725 INFO  AirBus :95 - I click on[[ChromeDriver: chrome on WINDOWS (5aeabfd753643ef3add93439849a287c)] -> xpath: //button [@data-automation-id='dateType']]
2023-02-24 10:02:322 INFO  AirBus :74 - I click on CareerHome[[ChromeDriver: chrome on WINDOWS (47b85c2701a78ab43e578239f510b273)] -> xpath: //a[@id='btn1_1']]
2023-02-24 10:02:201 INFO  AirBus :79 - I click on cookies[[ChromeDriver: chrome on WINDOWS (47b85c2701a78ab43e578239f510b273)] -> xpath: //button[@id="onetrust-accept-btn-handler"]]
2023-02-24 10:02:927 INFO  AirBus :90 - I enter Text[[ChromeDriver: chrome on WINDOWS (47b85c2701a78ab43e578239f510b273)] -> xpath: //input[@class='css-15xm6qs']]
2023-02-24 10:02:91 INFO  AirBus :95 - I click on[[ChromeDriver: chrome on WINDOWS (47b85c2701a78ab43e578239f510b273)] -> xpath: //button [@data-automation-id='dateType']]
2023-02-24 10:02:689 INFO  AirBus :74 - I click on CareerHome[[ChromeDriver: chrome on WINDOWS (f07a6eb232d09e5aa9eef68765f73100)] -> xpath: //a[@id='btn1_1']]
2023-02-24 10:02:489 INFO  AirBus :79 - I click on cookies[[ChromeDriver: chrome on WINDOWS (f07a6eb232d09e5aa9eef68765f73100)] -> xpath: //button[@id="onetrust-accept-btn-handler"]]
2023-02-24 10:02:202 INFO  AirBus :90 - I enter Text[[ChromeDriver: chrome on WINDOWS (f07a6eb232d09e5aa9eef68765f73100)] -> xpath: //input[@class='css-15xm6qs']]
2023-02-24 10:02:359 INFO  AirBus :95 - I click on[[ChromeDriver: chrome on WINDOWS (f07a6eb232d09e5aa9eef68765f73100)] -> xpath: //button [@data-automation-id='dateType']]
2023-02-24 10:02:534 INFO  AirBus :74 - I click on CareerHome[[ChromeDriver: chrome on WINDOWS (f9a7bf584dce67c21aaf604a7f70f73b)] -> xpath: //a[@id='btn1_1']]
2023-02-24 10:02:727 INFO  AirBus :79 - I click on cookies[[ChromeDriver: chrome on WINDOWS (f9a7bf584dce67c21aaf604a7f70f73b)] -> xpath: //button[@id="onetrust-accept-btn-handler"]]
2023-02-24 10:02:400 INFO  AirBus :90 - I enter Text[[ChromeDriver: chrome on WINDOWS (f9a7bf584dce67c21aaf604a7f70f73b)] -> xpath: //input[@class='css-15xm6qs']]
2023-02-24 10:02:566 INFO  AirBus :95 - I click on[[ChromeDriver: chrome on WINDOWS (f9a7bf584dce67c21aaf604a7f70f73b)] -> xpath: //button [@data-automation-id='dateType']]
2023-02-24 10:02:842 INFO  AirBus :103 - I select JOb Catagory[[ChromeDriver: chrome on WINDOWS (f9a7bf584dce67c21aaf604a7f70f73b)] -> xpath: //button [@data-automation-id='jobFamilyGroup']]
2023-02-24 11:02:636 INFO  AirBus :74 - I click on CareerHome[[ChromeDriver: chrome on WINDOWS (408c33c79bbabbeb8fe5c7aeb8eeedeb)] -> xpath: //a[@id='btn1_1']]
2023-02-24 11:02:654 INFO  AirBus :79 - I click on cookies[[ChromeDriver: chrome on WINDOWS (408c33c79bbabbeb8fe5c7aeb8eeedeb)] -> xpath: //button[@id="onetrust-accept-btn-handler"]]
2023-02-24 11:02:613 INFO  AirBus :90 - I enter Text[[ChromeDriver: chrome on WINDOWS (408c33c79bbabbeb8fe5c7aeb8eeedeb)] -> xpath: //input[@class='css-15xm6qs']]
2023-02-24 11:02:765 INFO  AirBus :95 - I click on[[ChromeDriver: chrome on WINDOWS (408c33c79bbabbeb8fe5c7aeb8eeedeb)] -> xpath: //button [@data-automation-id='dateType']]
2023-02-24 11:02:17 INFO  AirBus :103 - I select JOb Catagory[[ChromeDriver: chrome on WINDOWS (408c33c79bbabbeb8fe5c7aeb8eeedeb)] -> xpath: //button [@data-automation-id='jobFamilyGroup']]
2023-02-24 11:02:99 INFO  AirBus :74 - I click on CareerHome[[ChromeDriver: chrome on WINDOWS (2ef47cfdf5992c39242615276be73116)] -> xpath: //a[@id='btn1_1']]
2023-02-24 11:02:352 INFO  AirBus :79 - I click on cookies[[ChromeDriver: chrome on WINDOWS (2ef47cfdf5992c39242615276be73116)] -> xpath: //button[@id="onetrust-accept-btn-handler"]]
2023-02-24 11:02:945 INFO  AirBus :90 - I enter Text[[ChromeDriver: chrome on WINDOWS (2ef47cfdf5992c39242615276be73116)] -> xpath: //input[@class='css-15xm6qs']]
2023-02-24 11:02:125 INFO  AirBus :95 - I click on[[ChromeDriver: chrome on WINDOWS (2ef47cfdf5992c39242615276be73116)] -> xpath: //button [@data-automation-id='dateType']]
2023-02-24 11:02:402 INFO  AirBus :103 - I select JOb Catagory[[ChromeDriver: chrome on WINDOWS (2ef47cfdf5992c39242615276be73116)] -> xpath: //button [@data-automation-id='jobFamilyGroup']]
2023-02-24 11:02:817 INFO  AirBus :109 - I click On search Button[[ChromeDriver: chrome on WINDOWS (2ef47cfdf5992c39242615276be73116)] -> xpath: //button[@class='css-1guf05z']]
2023-02-24 11:02:517 INFO  AirBus :114 - I click On search Button[[ChromeDriver: chrome on WINDOWS (2ef47cfdf5992c39242615276be73116)] -> xpath: //a[contains(text(),'Software Test Engineer')]]
2023-02-24 11:02:39 INFO  AirBus :120 - I click On Apply[[ChromeDriver: chrome on WINDOWS (2ef47cfdf5992c39242615276be73116)] -> xpath: //a[contains(text(),'Apply')]]
2023-02-24 11:02:146 INFO  AirBus :74 - I click on CareerHome[[ChromeDriver: chrome on WINDOWS (a1a54c841b15c9934e3af98d7c5682f0)] -> xpath: //a[@id='btn1_1']]
2023-02-24 11:02:383 INFO  AirBus :79 - I click on cookies[[ChromeDriver: chrome on WINDOWS (a1a54c841b15c9934e3af98d7c5682f0)] -> xpath: //button[@id="onetrust-accept-btn-handler"]]
2023-02-24 11:02:887 INFO  AirBus :90 - I enter Text[[ChromeDriver: chrome on WINDOWS (a1a54c841b15c9934e3af98d7c5682f0)] -> xpath: //input[@class='css-15xm6qs']]
2023-02-24 11:02:74 INFO  AirBus :95 - I click on[[ChromeDriver: chrome on WINDOWS (a1a54c841b15c9934e3af98d7c5682f0)] -> xpath: //button [@data-automation-id='dateType']]
2023-02-24 11:02:370 INFO  AirBus :103 - I select JOb Catagory[[ChromeDriver: chrome on WINDOWS (a1a54c841b15c9934e3af98d7c5682f0)] -> xpath: //button [@data-automation-id='jobFamilyGroup']]
2023-02-24 11:02:785 INFO  AirBus :109 - I click On search Button[[ChromeDriver: chrome on WINDOWS (a1a54c841b15c9934e3af98d7c5682f0)] -> xpath: //button[@class='css-1guf05z']]
2023-02-24 11:02:535 INFO  AirBus :114 - I click On search Button[[ChromeDriver: chrome on WINDOWS (a1a54c841b15c9934e3af98d7c5682f0)] -> xpath: //a[contains(text(),'Software Test Engineer')]]
2023-02-24 11:02:986 INFO  AirBus :120 - I click On Apply[[ChromeDriver: chrome on WINDOWS (a1a54c841b15c9934e3af98d7c5682f0)] -> xpath: //a[contains(text(),'Apply')]]
2023-02-24 11:02:09 INFO  AirBus :74 - I click on CareerHome[[ChromeDriver: chrome on WINDOWS (a7a0e64efc54aad522bb332702459d92)] -> xpath: //a[@id='btn1_1']]
2023-02-24 11:02:613 INFO  AirBus :79 - I click on cookies[[ChromeDriver: chrome on WINDOWS (a7a0e64efc54aad522bb332702459d92)] -> xpath: //button[@id="onetrust-accept-btn-handler"]]
2023-02-24 11:02:444 INFO  AirBus :90 - I enter Text[[ChromeDriver: chrome on WINDOWS (a7a0e64efc54aad522bb332702459d92)] -> xpath: //input[@class='css-15xm6qs']]
2023-02-24 11:02:641 INFO  AirBus :95 - I click on[[ChromeDriver: chrome on WINDOWS (a7a0e64efc54aad522bb332702459d92)] -> xpath: //button [@data-automation-id='dateType']]
2023-02-24 11:02:111 INFO  AirBus :103 - I select JOb Catagory[[ChromeDriver: chrome on WINDOWS (a7a0e64efc54aad522bb332702459d92)] -> xpath: //button [@data-automation-id='jobFamilyGroup']]
2023-02-24 11:02:776 INFO  AirBus :109 - I click On search Button[[ChromeDriver: chrome on WINDOWS (a7a0e64efc54aad522bb332702459d92)] -> xpath: //button[@class='css-1guf05z']]
2023-02-24 11:02:961 INFO  AirBus :114 - I click On search Button[[ChromeDriver: chrome on WINDOWS (a7a0e64efc54aad522bb332702459d92)] -> xpath: //a[contains(text(),'Software Test Engineer')]]
2023-02-24 11:02:568 INFO  AirBus :120 - I click On Apply[[ChromeDriver: chrome on WINDOWS (a7a0e64efc54aad522bb332702459d92)] -> xpath: //a[contains(text(),'Apply')]]
2023-02-24 12:02:104 INFO  AirBus :74 - I click on CareerHome[[ChromeDriver: chrome on WINDOWS (11da9fe3611d2e813a5228beda46c85e)] -> xpath: //a[@id='btn1_1']]
2023-02-24 12:02:166 INFO  AirBus :74 - I click on CareerHome[[ChromeDriver: chrome on WINDOWS (c04ae0510955855aab39e835a208f2f7)] -> xpath: //a[@id='btn1_1']]
2023-02-24 12:02:535 INFO  AirBus :79 - I click on cookies[[ChromeDriver: chrome on WINDOWS (c04ae0510955855aab39e835a208f2f7)] -> xpath: //button[@id="onetrust-accept-btn-handler"]]
2023-02-24 12:02:762 INFO  AirBus :90 - I enter Text[[ChromeDriver: chrome on WINDOWS (c04ae0510955855aab39e835a208f2f7)] -> xpath: //input[@class='css-15xm6qs']]
2023-02-24 12:02:946 INFO  AirBus :95 - I click on[[ChromeDriver: chrome on WINDOWS (c04ae0510955855aab39e835a208f2f7)] -> xpath: //button [@data-automation-id='dateType']]
2023-02-24 12:02:300 INFO  AirBus :103 - I select JOb Catagory[[ChromeDriver: chrome on WINDOWS (c04ae0510955855aab39e835a208f2f7)] -> xpath: //button [@data-automation-id='jobFamilyGroup']]
2023-02-24 12:02:795 INFO  AirBus :109 - I click On search Button[[ChromeDriver: chrome on WINDOWS (c04ae0510955855aab39e835a208f2f7)] -> xpath: //button[@class='css-1guf05z']]
2023-02-24 12:02:601 INFO  AirBus :114 - I click On search Button[[ChromeDriver: chrome on WINDOWS (c04ae0510955855aab39e835a208f2f7)] -> xpath: //a[contains(text(),'Software Test Engineer')]]
2023-02-24 12:02:489 INFO  AirBus :74 - I click on CareerHome[[ChromeDriver: chrome on WINDOWS (839e8627e2b19d3b15c12111db46c091)] -> xpath: //a[@id='btn1_1']]
2023-02-24 12:02:757 INFO  AirBus :79 - I click on cookies[[ChromeDriver: chrome on WINDOWS (839e8627e2b19d3b15c12111db46c091)] -> xpath: //button[@id="onetrust-accept-btn-handler"]]
2023-02-24 12:02:207 INFO  AirBus :90 - I enter Text[[ChromeDriver: chrome on WINDOWS (839e8627e2b19d3b15c12111db46c091)] -> xpath: //input[@class='css-15xm6qs']]
2023-02-24 12:02:378 INFO  AirBus :95 - I click on[[ChromeDriver: chrome on WINDOWS (839e8627e2b19d3b15c12111db46c091)] -> xpath: //button [@data-automation-id='dateType']]
2023-02-24 12:02:691 INFO  AirBus :103 - I select JOb Catagory[[ChromeDriver: chrome on WINDOWS (839e8627e2b19d3b15c12111db46c091)] -> xpath: //button [@data-automation-id='jobFamilyGroup']]
2023-02-24 12:02:135 INFO  AirBus :109 - I click On search Button[[ChromeDriver: chrome on WINDOWS (839e8627e2b19d3b15c12111db46c091)] -> xpath: //button[@class='css-1guf05z']]
2023-02-24 12:02:07 INFO  AirBus :114 - I click On search Button[[ChromeDriver: chrome on WINDOWS (839e8627e2b19d3b15c12111db46c091)] -> xpath: //a[contains(text(),'Software Test Engineer')]]
2023-02-24 12:02:650 INFO  AirBus :74 - I click on CareerHome[[ChromeDriver: chrome on WINDOWS (65996a45324c874dc3cf295324e0adee)] -> xpath: //a[@id='btn1_1']]
2023-02-24 12:02:692 INFO  AirBus :79 - I click on cookies[[ChromeDriver: chrome on WINDOWS (65996a45324c874dc3cf295324e0adee)] -> xpath: //button[@id="onetrust-accept-btn-handler"]]
2023-02-24 12:02:87 INFO  AirBus :90 - I enter Text[[ChromeDriver: chrome on WINDOWS (65996a45324c874dc3cf295324e0adee)] -> xpath: //input[@class='css-15xm6qs']]
2023-02-24 12:02:292 INFO  AirBus :95 - I click on[[ChromeDriver: chrome on WINDOWS (65996a45324c874dc3cf295324e0adee)] -> xpath: //button [@data-automation-id='dateType']]
2023-02-24 12:02:581 INFO  AirBus :103 - I select JOb Catagory[[ChromeDriver: chrome on WINDOWS (65996a45324c874dc3cf295324e0adee)] -> xpath: //button [@data-automation-id='jobFamilyGroup']]
2023-02-24 12:02:58 INFO  AirBus :109 - I click On search Button[[ChromeDriver: chrome on WINDOWS (65996a45324c874dc3cf295324e0adee)] -> xpath: //button[@class='css-1guf05z']]
2023-02-24 12:02:878 INFO  AirBus :114 - I click On search Button[[ChromeDriver: chrome on WINDOWS (65996a45324c874dc3cf295324e0adee)] -> xpath: //a[contains(text(),'Software Test Engineer')]]
2023-02-24 12:02:468 INFO  AirBus :120 - I click On Apply[[ChromeDriver: chrome on WINDOWS (65996a45324c874dc3cf295324e0adee)] -> xpath: //a[contains(text(),'Apply')]]
2023-02-24 12:02:800 INFO  AirBus :74 - I click on CareerHome[[ChromeDriver: chrome on WINDOWS (a4d0015bee1548ae13bb0aa3e5cbb1e9)] -> xpath: //a[@id='btn1_1']]
2023-02-24 12:02:640 INFO  AirBus :79 - I click on cookies[[ChromeDriver: chrome on WINDOWS (a4d0015bee1548ae13bb0aa3e5cbb1e9)] -> xpath: //button[@id="onetrust-accept-btn-handler"]]
2023-02-24 12:02:639 INFO  AirBus :90 - I enter Text[[ChromeDriver: chrome on WINDOWS (a4d0015bee1548ae13bb0aa3e5cbb1e9)] -> xpath: //input[@class='css-15xm6qs']]
2023-02-24 12:02:839 INFO  AirBus :95 - I click on[[ChromeDriver: chrome on WINDOWS (a4d0015bee1548ae13bb0aa3e5cbb1e9)] -> xpath: //button [@data-automation-id='dateType']]
2023-02-24 12:02:149 INFO  AirBus :103 - I select JOb Catagory[[ChromeDriver: chrome on WINDOWS (a4d0015bee1548ae13bb0aa3e5cbb1e9)] -> xpath: //button [@data-automation-id='jobFamilyGroup']]
2023-02-24 12:02:594 INFO  AirBus :109 - I click On search Button[[ChromeDriver: chrome on WINDOWS (a4d0015bee1548ae13bb0aa3e5cbb1e9)] -> xpath: //button[@class='css-1guf05z']]
2023-02-24 12:02:874 INFO  AirBus :114 - I click On search ButtonProxy element for: DefaultElementLocator 'By.xpath: //a[contains(text(),'Software Test Engineer')]'
2023-02-24 12:02:488 INFO  AirBus :74 - I click on CareerHome[[ChromeDriver: chrome on WINDOWS (d988134cc1d78004ddf5f5297c92644e)] -> xpath: //a[@id='btn1_1']]
2023-02-24 12:02:688 INFO  AirBus :79 - I click on cookies[[ChromeDriver: chrome on WINDOWS (d988134cc1d78004ddf5f5297c92644e)] -> xpath: //button[@id="onetrust-accept-btn-handler"]]
2023-02-24 12:02:50 INFO  AirBus :90 - I enter Text[[ChromeDriver: chrome on WINDOWS (d988134cc1d78004ddf5f5297c92644e)] -> xpath: //input[@class='css-15xm6qs']]
2023-02-24 12:02:218 INFO  AirBus :95 - I click on[[ChromeDriver: chrome on WINDOWS (d988134cc1d78004ddf5f5297c92644e)] -> xpath: //button [@data-automation-id='dateType']]
2023-02-24 12:02:609 INFO  AirBus :103 - I select JOb Catagory[[ChromeDriver: chrome on WINDOWS (d988134cc1d78004ddf5f5297c92644e)] -> xpath: //button [@data-automation-id='jobFamilyGroup']]
2023-02-24 12:02:87 INFO  AirBus :109 - I click On search Button[[ChromeDriver: chrome on WINDOWS (d988134cc1d78004ddf5f5297c92644e)] -> xpath: //button[@class='css-1guf05z']]
2023-02-24 12:02:20 INFO  AirBus :114 - I click On search Button[[ChromeDriver: chrome on WINDOWS (d988134cc1d78004ddf5f5297c92644e)] -> xpath: //a[contains(text(),'Software Test Engineer')]]
2023-02-24 12:02:22 INFO  AirBus :74 - I click on CareerHome[[ChromeDriver: chrome on WINDOWS (0bb844449e03b5acfbfab41248a2f9fa)] -> xpath: //a[@id='btn1_1']]
2023-02-24 12:02:426 INFO  AirBus :79 - I click on cookies[[ChromeDriver: chrome on WINDOWS (0bb844449e03b5acfbfab41248a2f9fa)] -> xpath: //button[@id="onetrust-accept-btn-handler"]]
2023-02-24 12:02:577 INFO  AirBus :90 - I enter Text[[ChromeDriver: chrome on WINDOWS (0bb844449e03b5acfbfab41248a2f9fa)] -> xpath: //input[@class='css-15xm6qs']]
2023-02-24 12:02:731 INFO  AirBus :95 - I click on[[ChromeDriver: chrome on WINDOWS (0bb844449e03b5acfbfab41248a2f9fa)] -> xpath: //button [@data-automation-id='dateType']]
2023-02-24 12:02:985 INFO  AirBus :103 - I select JOb Catagory[[ChromeDriver: chrome on WINDOWS (0bb844449e03b5acfbfab41248a2f9fa)] -> xpath: //button [@data-automation-id='jobFamilyGroup']]
2023-02-24 12:02:383 INFO  AirBus :109 - I click On search Button[[ChromeDriver: chrome on WINDOWS (0bb844449e03b5acfbfab41248a2f9fa)] -> xpath: //button[@class='css-1guf05z']]
2023-02-24 12:02:254 INFO  AirBus :114 - I click On search Button[[ChromeDriver: chrome on WINDOWS (0bb844449e03b5acfbfab41248a2f9fa)] -> xpath: //a[contains(text(),'Software Test Engineer')]]
2023-02-24 12:02:741 INFO  AirBus :120 - I click On Apply[[ChromeDriver: chrome on WINDOWS (0bb844449e03b5acfbfab41248a2f9fa)] -> xpath: //a[contains(text(),'Apply')]]
